TN:
SF:src/controllers/authentication.ts
FN:5,login
FN:42,register
FNF:2
FNH:1
FNDA:2,login
FNDA:0,register
DA:1,1
DA:2,1
DA:3,1
DA:4,1
DA:5,1
DA:6,2
DA:7,2
DA:8,2
DA:9,2
DA:10,1
DA:11,1
DA:12,1
DA:13,1
DA:14,1
DA:15,0
DA:16,0
DA:17,0
DA:18,0
DA:19,0
DA:20,0
DA:21,0
DA:22,0
DA:23,0
DA:24,0
DA:25,0
DA:26,0
DA:27,0
DA:28,0
DA:29,0
DA:30,0
DA:31,0
DA:32,0
DA:33,0
DA:34,0
DA:35,0
DA:36,2
DA:37,1
DA:38,1
DA:39,1
DA:40,2
DA:41,1
DA:42,1
DA:43,0
DA:44,0
DA:45,0
DA:46,0
DA:47,0
DA:48,0
DA:49,0
DA:50,0
DA:51,0
DA:52,0
DA:53,0
DA:54,0
DA:55,0
DA:56,0
DA:57,0
DA:58,0
DA:59,0
DA:60,0
DA:61,0
DA:62,0
DA:63,0
DA:64,0
DA:65,0
DA:66,0
DA:67,0
DA:68,0
DA:69,0
DA:70,0
DA:71,0
DA:72,0
DA:73,0
LF:73
LH:21
BRDA:5,0,0,2
BRDA:5,1,0,2
BRDA:9,2,0,1
BRDA:9,3,0,1
BRDA:15,4,0,0
BRDA:36,5,0,1
BRF:6
BRH:5
end_of_record
TN:
SF:src/helpers/index.ts
FN:5,random
FN:6,authentication
FNF:2
FNH:0
FNDA:0,random
FNDA:0,authentication
DA:1,1
DA:2,1
DA:3,1
DA:4,1
DA:5,1
DA:6,1
DA:7,0
DA:8,0
LF:8
LH:6
BRF:0
BRH:0
end_of_record
